<?xml version="1.0" encoding="UTF-8"?>
<!-- Generated by org.testng.reporters.JUnitXMLReporter -->
<testsuite ignored="1" hostname="DESKTOP-5OBCTT3" failures="1" tests="1" name="Default test(failed)" time="18.547" errors="0" timestamp="2022-10-12T22:47:42 IST">
  <testcase classname="com.crm.organization.CreateOrganizationTest" name="organizationsTest" time="8.654">
    <failure type="java.lang.AssertionError" message="expected [true] but found [false]">
      <![CDATA[java.lang.AssertionError: expected [true] but found [false]
at com.crm.organization.CreateOrganizationTest.organizationsTest(CreateOrganizationTest.java:52)
at java.base/java.util.ArrayList.forEach(ArrayList.java:1511)
... Removed 31 stack frames]]>
    </failure>
  </testcase> <!-- organizationsTest -->
  <testcase classname="com.crm.organization.CreateOrganizationTest" name="modifyOrganization" time="0.0">
    <ignored/>
  </testcase> <!-- modifyOrganization -->
</testsuite> <!-- Default test(failed) -->
