<?xml version="1.0" encoding="UTF-8"?>
<!-- Generated by org.testng.reporters.JUnitXMLReporter -->
<testsuite ignored="8" hostname="DESKTOP-5OBCTT3" failures="1" tests="4" name="Test" time="69.559" errors="0" timestamp="2022-10-10T09:59:32 IST">
  <testcase classname="com.crm.product.DeleteProductTest" name="deleteProductMethodTest" time="14.283"/>
  <testcase classname="com.crm.organization.CreateOrganizationTest" name="organizationsTest" time="11.86"/>
  <testcase classname="com.crm.compaign.CreateCampaignTest" name="createCampaignmethodTest" time="7.478">
    <failure type="java.lang.AssertionError" message="expected [false] but found [true]">
      <![CDATA[java.lang.AssertionError: expected [false] but found [true]
at com.crm.compaign.CreateCampaignTest.createCampaignmethodTest(CreateCampaignTest.java:57)
at java.base/java.util.ArrayList.forEach(ArrayList.java:1511)
... Removed 31 stack frames]]>
    </failure>
  </testcase> <!-- createCampaignmethodTest -->
  <testcase classname="com.crm.compaign.CreateCampaignTest" name="modifyCampaign" time="0.004"/>
  <testcase classname="com.crm.generic_utility.BaseClass" name="@AfterTest aT" time="0.0">
    <ignored/>
  </testcase> <!-- @AfterTest aT -->
  <testcase classname="com.crm.generic_utility.BaseClass" name="@AfterTest aT" time="0.0">
    <ignored/>
  </testcase> <!-- @AfterTest aT -->
  <testcase classname="com.crm.generic_utility.BaseClass" name="@BeforeSuite bS" time="0.0">
    <ignored/>
  </testcase> <!-- @BeforeSuite bS -->
  <testcase classname="com.crm.generic_utility.BaseClass" name="@BeforeSuite bS" time="0.0">
    <ignored/>
  </testcase> <!-- @BeforeSuite bS -->
  <testcase classname="com.crm.generic_utility.BaseClass" name="@BeforeTest bT" time="0.0">
    <ignored/>
  </testcase> <!-- @BeforeTest bT -->
  <testcase classname="com.crm.generic_utility.BaseClass" name="@BeforeTest bT" time="0.0">
    <ignored/>
  </testcase> <!-- @BeforeTest bT -->
  <testcase classname="com.crm.generic_utility.BaseClass" name="@AfterSuite aS" time="0.0">
    <ignored/>
  </testcase> <!-- @AfterSuite aS -->
  <testcase classname="com.crm.generic_utility.BaseClass" name="@AfterSuite aS" time="0.0">
    <ignored/>
  </testcase> <!-- @AfterSuite aS -->
</testsuite> <!-- Test -->
